Using pre-set license
Built from '2022.3/staging' branch; Version is '2022.3.7f1 (b16b3b16c7a0) revision 11627323'; Using compiler version '192829333'; Build Type 'Release'
OS: 'Windows 10  (10.0.19045) 64bit Enterprise' Language: 'en' Physical Memory: 32456 MB
BatchMode: 1, IsHumanControllingUs: 0, StartBugReporterOnCrash: 0, Is64bit: 1, IsPro: 1

COMMAND LINE ARGUMENTS:
C:\Program Files\Unity\Hub\Editor\2022.3.7f1\Editor\Unity.exe
-adb2
-batchMode
-noUpm
-name
AssetImportWorker0
-projectPath
C:/Users/tw21re/Documents/GitHub/BTGD2P45GroupWork/sidescroller
-logFile
Logs/AssetImportWorker0.log
-srvPort
55576
Successfully changed project path to: C:/Users/tw21re/Documents/GitHub/BTGD2P45GroupWork/sidescroller
C:/Users/tw21re/Documents/GitHub/BTGD2P45GroupWork/sidescroller
[UnityMemory] Configuration Parameters - Can be set up in boot.config
    "memorysetup-bucket-allocator-granularity=16"
    "memorysetup-bucket-allocator-bucket-count=8"
    "memorysetup-bucket-allocator-block-size=33554432"
    "memorysetup-bucket-allocator-block-count=8"
    "memorysetup-main-allocator-block-size=16777216"
    "memorysetup-thread-allocator-block-size=16777216"
    "memorysetup-gfx-main-allocator-block-size=16777216"
    "memorysetup-gfx-thread-allocator-block-size=16777216"
    "memorysetup-cache-allocator-block-size=4194304"
    "memorysetup-typetree-allocator-block-size=2097152"
    "memorysetup-profiler-bucket-allocator-granularity=16"
    "memorysetup-profiler-bucket-allocator-bucket-count=8"
    "memorysetup-profiler-bucket-allocator-block-size=33554432"
    "memorysetup-profiler-bucket-allocator-block-count=8"
    "memorysetup-profiler-allocator-block-size=16777216"
    "memorysetup-profiler-editor-allocator-block-size=1048576"
    "memorysetup-temp-allocator-size-main=16777216"
    "memorysetup-job-temp-allocator-block-size=2097152"
    "memorysetup-job-temp-allocator-block-size-background=1048576"
    "memorysetup-job-temp-allocator-reduction-small-platforms=262144"
    "memorysetup-allocator-temp-initial-block-size-main=262144"
    "memorysetup-allocator-temp-initial-block-size-worker=262144"
    "memorysetup-temp-allocator-size-background-worker=32768"
    "memorysetup-temp-allocator-size-job-worker=262144"
    "memorysetup-temp-allocator-size-preload-manager=33554432"
    "memorysetup-temp-allocator-size-nav-mesh-worker=65536"
    "memorysetup-temp-allocator-size-audio-worker=65536"
    "memorysetup-temp-allocator-size-cloud-worker=32768"
    "memorysetup-temp-allocator-size-gi-baking-worker=262144"
    "memorysetup-temp-allocator-size-gfx=262144"
Player connection [16808] Host "[IP] 10.10.104.67 [Port] 0 [Flags] 2 [Guid] 3984304476 [EditorId] 3984304476 [Version] 1048832 [Id] WindowsEditor(7,CFDH-WTH269K08) [Debug] 1 [PackageName] WindowsEditor [ProjectName] Editor" joined multi-casting on [225.0.0.222:54997]...

Player connection [16808] Host "[IP] 10.10.104.67 [Port] 0 [Flags] 2 [Guid] 3984304476 [EditorId] 3984304476 [Version] 1048832 [Id] WindowsEditor(7,CFDH-WTH269K08) [Debug] 1 [PackageName] WindowsEditor [ProjectName] Editor" joined alternative multi-casting on [225.0.0.222:34997]...

Refreshing native plugins compatible for Editor in 5.74 ms, found 2 plugins.
Preloading 0 native plugins for Editor in 0.00 ms.
Initialize engine version: 2022.3.7f1 (b16b3b16c7a0)
[Subsystems] Discovering subsystems at path C:/Program Files/Unity/Hub/Editor/2022.3.7f1/Editor/Data/Resources/UnitySubsystems
[Subsystems] Discovering subsystems at path C:/Users/tw21re/Documents/GitHub/BTGD2P45GroupWork/sidescroller/Assets
GfxDevice: creating device client; threaded=0; jobified=0
Direct3D:
    Version:  Direct3D 11.0 [level 11.1]
    Renderer: NVIDIA RTX A4000 (ID=0x24b0)
    Vendor:   NVIDIA
    VRAM:     16183 MB
    Driver:   31.0.15.2886
Initialize mono
Mono path[0] = 'C:/Program Files/Unity/Hub/Editor/2022.3.7f1/Editor/Data/Managed'
Mono path[1] = 'C:/Program Files/Unity/Hub/Editor/2022.3.7f1/Editor/Data/MonoBleedingEdge/lib/mono/unityjit-win32'
Mono config path = 'C:/Program Files/Unity/Hub/Editor/2022.3.7f1/Editor/Data/MonoBleedingEdge/etc'
Using monoOptions --debugger-agent=transport=dt_socket,embedding=1,server=y,suspend=n,address=127.0.0.1:56204
Begin MonoManager ReloadAssembly
Registering precompiled unity dll's ...
Register platform support module: C:/Program Files/Unity/Hub/Editor/2022.3.7f1/Editor/Data/PlaybackEngines/WebGLSupport/UnityEditor.WebGL.Extensions.dll
Register platform support module: C:/Program Files/Unity/Hub/Editor/2022.3.7f1/Editor/Data/PlaybackEngines/MacStandaloneSupport/UnityEditor.OSXStandalone.Extensions.dll
Register platform support module: C:/Program Files/Unity/Hub/Editor/2022.3.7f1/Editor/Data/PlaybackEngines/AndroidPlayer/UnityEditor.Android.Extensions.dll
Register platform support module: C:/Program Files/Unity/Hub/Editor/2022.3.7f1/Editor/Data/PlaybackEngines/WindowsStandaloneSupport/UnityEditor.WindowsStandalone.Extensions.dll
Register platform support module: C:/Program Files/Unity/Hub/Editor/2022.3.7f1/Editor/Data/PlaybackEngines/MetroSupport/UnityEditor.UWP.Extensions.dll
Registered in 0.013706 seconds.
- Loaded All Assemblies, in  0.343 seconds
Native extension for UWP target not found
Native extension for WindowsStandalone target not found
Native extension for Android target not found
Native extension for OSXStandalone target not found
Native extension for WebGL target not found
Mono: successfully reloaded assembly
- Finished resetting the current domain, in  0.305 seconds
Domain Reload Profiling: 647ms
	BeginReloadAssembly (99ms)
		ExecutionOrderSort (0ms)
		DisableScriptedObjects (0ms)
		BackupInstance (0ms)
		ReleaseScriptingObjects (0ms)
		CreateAndSetChildDomain (0ms)
	RebuildCommonClasses (32ms)
	RebuildNativeTypeToScriptingClass (11ms)
	initialDomainReloadingComplete (61ms)
	LoadAllAssembliesAndSetupDomain (138ms)
		LoadAssemblies (98ms)
		RebuildTransferFunctionScriptingTraits (0ms)
		AnalyzeDomain (135ms)
			TypeCache.Refresh (134ms)
				TypeCache.ScanAssembly (122ms)
			ScanForSourceGeneratedMonoScriptInfo (0ms)
			ResolveRequiredComponents (0ms)
	FinalizeReload (305ms)
		ReleaseScriptCaches (0ms)
		RebuildScriptCaches (0ms)
		SetupLoadedEditorAssemblies (250ms)
			LogAssemblyErrors (0ms)
			InitializePlatformSupportModulesInManaged (108ms)
			SetLoadedEditorAssemblies (3ms)
			RefreshPlugins (0ms)
			BeforeProcessingInitializeOnLoad (2ms)
			ProcessInitializeOnLoadAttributes (94ms)
			ProcessInitializeOnLoadMethodAttributes (43ms)
			AfterProcessingInitializeOnLoad (0ms)
			EditorAssembliesLoaded (0ms)
		ExecutionOrderSort2 (0ms)
		AwakeInstancesAfterBackupRestoration (0ms)
========================================================================
Worker process is ready to serve import requests
Begin MonoManager ReloadAssembly
- Loaded All Assemblies, in  0.441 seconds
Refreshing native plugins compatible for Editor in 1.62 ms, found 2 plugins.
Native extension for UWP target not found
Native extension for WindowsStandalone target not found
Native extension for Android target not found
Native extension for OSXStandalone target not found
Native extension for WebGL target not found
Mono: successfully reloaded assembly
- Finished resetting the current domain, in  0.465 seconds
Domain Reload Profiling: 904ms
	BeginReloadAssembly (120ms)
		ExecutionOrderSort (0ms)
		DisableScriptedObjects (6ms)
		BackupInstance (0ms)
		ReleaseScriptingObjects (0ms)
		CreateAndSetChildDomain (17ms)
	RebuildCommonClasses (33ms)
	RebuildNativeTypeToScriptingClass (11ms)
	initialDomainReloadingComplete (38ms)
	LoadAllAssembliesAndSetupDomain (236ms)
		LoadAssemblies (206ms)
		RebuildTransferFunctionScriptingTraits (0ms)
		AnalyzeDomain (95ms)
			TypeCache.Refresh (83ms)
				TypeCache.ScanAssembly (69ms)
			ScanForSourceGeneratedMonoScriptInfo (9ms)
			ResolveRequiredComponents (2ms)
	FinalizeReload (466ms)
		ReleaseScriptCaches (0ms)
		RebuildScriptCaches (0ms)
		SetupLoadedEditorAssemblies (318ms)
			LogAssemblyErrors (0ms)
			InitializePlatformSupportModulesInManaged (30ms)
			SetLoadedEditorAssemblies (3ms)
			RefreshPlugins (0ms)
			BeforeProcessingInitializeOnLoad (46ms)
			ProcessInitializeOnLoadAttributes (206ms)
			ProcessInitializeOnLoadMethodAttributes (26ms)
			AfterProcessingInitializeOnLoad (7ms)
			EditorAssembliesLoaded (0ms)
		ExecutionOrderSort2 (0ms)
		AwakeInstancesAfterBackupRestoration (7ms)
Launched and connected shader compiler UnityShaderCompiler.exe after 0.03 seconds
Refreshing native plugins compatible for Editor in 0.92 ms, found 2 plugins.
Preloading 0 native plugins for Editor in 0.00 ms.
Unloading 1661 Unused Serialized files (Serialized files now loaded: 0)
Unloading 40 unused Assets / (1.3 MB). Loaded Objects now: 2124.
Memory consumption went from 100.2 MB to 98.9 MB.
Total: 2.255000 ms (FindLiveObjects: 0.096200 ms CreateObjectMapping: 0.026800 ms MarkObjects: 1.927100 ms  DeleteObjects: 0.203800 ms)

AssetImportParameters requested are different than current active one (requested -> active):
  custom:video-decoder-webm-vp8: 9c59270c3fd7afecdb556c50c9e8de78 -> 
  custom:container-demuxer-ogg: 62fdf1f143b41e24485cea50d1cbac27 -> 
  custom:AudioImporter_EditorPlatform: d09bf68614088b80899f8185d706f6e7 -> 
  custom:video-decoder-ogg-theora: a1e56fd34408186e4bbccfd4996cb3dc -> 
  custom:framework-win-MediaFoundation: 216162199b28c13a410421893ffa2e32 -> 
  custom:video-encoder-webm-vp8: eb34c28f22e8b96e1ab97ce403110664 -> 
  custom:audio-decoder-ogg-vorbis: bf7c407c2cedff20999df2af8eb42d56 -> 
  custom:container-demuxer-webm: 4f35f7cbe854078d1ac9338744f61a02 -> 
  custom:audio-encoder-webm-vorbis: bf7c407c2cedff20999df2af8eb42d56 -> 
  custom:container-muxer-webm: aa71ff27fc2769a1b78a27578f13a17b -> 
========================================================================
Received Import Request.
  Time since last request: 19204.210735 seconds.
  path: Assets/Standard Assets
  artifactKey: Guid(f73f05cd4001b1a49942e7ca45a43fa2) Importer(815301076,1909f56bfc062723c751e8b465ee728b)
Start importing Assets/Standard Assets using Guid(f73f05cd4001b1a49942e7ca45a43fa2) Importer(815301076,1909f56bfc062723c751e8b465ee728b)  -> (artifact id: '5e2f310f7b6e4268e47487a30ab8602a') in 0.001983 seconds
Number of updated asset objects reloaded before import = 0
Number of asset objects unloaded after import = 0
========================================================================
Received Import Request.
  Time since last request: 0.047522 seconds.
  path: Assets/Game/Test
  artifactKey: Guid(f879d72acc4ba224f9274acc3ca47367) Importer(815301076,1909f56bfc062723c751e8b465ee728b)
Start importing Assets/Game/Test using Guid(f879d72acc4ba224f9274acc3ca47367) Importer(815301076,1909f56bfc062723c751e8b465ee728b)  -> (artifact id: '8eeb106657fe16fe17ba3d5e67fd9331') in 0.010076 seconds
Number of updated asset objects reloaded before import = 0
Number of asset objects unloaded after import = 1
========================================================================
Received Prepare
Refreshing native plugins compatible for Editor in 1.89 ms, found 2 plugins.
Preloading 0 native plugins for Editor in 0.00 ms.
Unloading 12 Unused Serialized files (Serialized files now loaded: 0)
Unloading 13 unused Assets / (1.2 MB). Loaded Objects now: 2125.
Memory consumption went from 66.8 MB to 65.6 MB.
Total: 3.205400 ms (FindLiveObjects: 0.203500 ms CreateObjectMapping: 0.042600 ms MarkObjects: 2.757600 ms  DeleteObjects: 0.200700 ms)

Prepare: number of updated asset objects reloaded= 0
AssetImportParameters requested are different than current active one (requested -> active):
  custom:video-decoder-webm-vp8: 9c59270c3fd7afecdb556c50c9e8de78 -> 
  custom:SearchIndexIgnoredProperties: e643bd26f0fe6173181afceb89e7c659 -> 
  custom:container-demuxer-ogg: 62fdf1f143b41e24485cea50d1cbac27 -> 
  custom:AudioImporter_EditorPlatform: d09bf68614088b80899f8185d706f6e7 -> 
  custom:video-decoder-ogg-theora: a1e56fd34408186e4bbccfd4996cb3dc -> 
  custom:framework-win-MediaFoundation: 216162199b28c13a410421893ffa2e32 -> 
  custom:video-encoder-webm-vp8: eb34c28f22e8b96e1ab97ce403110664 -> 
  custom:audio-decoder-ogg-vorbis: bf7c407c2cedff20999df2af8eb42d56 -> 
  custom:CustomObjectIndexerAttribute: 756ad292c208cfabdd7b50bc23989ffe -> 
  custom:container-demuxer-webm: 4f35f7cbe854078d1ac9338744f61a02 -> 
  custom:audio-encoder-webm-vorbis: bf7c407c2cedff20999df2af8eb42d56 -> 
  custom:container-muxer-webm: aa71ff27fc2769a1b78a27578f13a17b -> 
========================================================================
Received Import Request.
  Time since last request: 4.023088 seconds.
  path: Assets/Standard Assets/test
  artifactKey: Guid(29d6a7bcf11ac2844b76031b4f52cbb7) Importer(815301076,1909f56bfc062723c751e8b465ee728b)
Start importing Assets/Standard Assets/test using Guid(29d6a7bcf11ac2844b76031b4f52cbb7) Importer(815301076,1909f56bfc062723c751e8b465ee728b)  -> (artifact id: 'cbe207ed4c64e9ee9390b864ebb043b8') in 0.002621 seconds
Number of updated asset objects reloaded before import = 0
Number of asset objects unloaded after import = 1
========================================================================
Received Prepare
Begin MonoManager ReloadAssembly
- Loaded All Assemblies, in  0.360 seconds
Refreshing native plugins compatible for Editor in 2.00 ms, found 2 plugins.
Native extension for UWP target not found
Native extension for WindowsStandalone target not found
Native extension for Android target not found
Native extension for OSXStandalone target not found
Native extension for WebGL target not found
Mono: successfully reloaded assembly
- Finished resetting the current domain, in  0.672 seconds
Domain Reload Profiling: 1030ms
	BeginReloadAssembly (127ms)
		ExecutionOrderSort (0ms)
		DisableScriptedObjects (7ms)
		BackupInstance (0ms)
		ReleaseScriptingObjects (0ms)
		CreateAndSetChildDomain (22ms)
	RebuildCommonClasses (30ms)
	RebuildNativeTypeToScriptingClass (11ms)
	initialDomainReloadingComplete (27ms)
	LoadAllAssembliesAndSetupDomain (162ms)
		LoadAssemblies (212ms)
		RebuildTransferFunctionScriptingTraits (0ms)
		AnalyzeDomain (19ms)
			TypeCache.Refresh (8ms)
				TypeCache.ScanAssembly (1ms)
			ScanForSourceGeneratedMonoScriptInfo (6ms)
			ResolveRequiredComponents (4ms)
	FinalizeReload (673ms)
		ReleaseScriptCaches (0ms)
		RebuildScriptCaches (0ms)
		SetupLoadedEditorAssemblies (323ms)
			LogAssemblyErrors (0ms)
			InitializePlatformSupportModulesInManaged (37ms)
			SetLoadedEditorAssemblies (3ms)
			RefreshPlugins (0ms)
			BeforeProcessingInitializeOnLoad (52ms)
			ProcessInitializeOnLoadAttributes (198ms)
			ProcessInitializeOnLoadMethodAttributes (23ms)
			AfterProcessingInitializeOnLoad (9ms)
			EditorAssembliesLoaded (0ms)
		ExecutionOrderSort2 (0ms)
		AwakeInstancesAfterBackupRestoration (7ms)
Refreshing native plugins compatible for Editor in 1.59 ms, found 2 plugins.
Preloading 0 native plugins for Editor in 0.00 ms.
Unloading 1790 Unused Serialized files (Serialized files now loaded: 0)
Unloading 111 unused Assets / (9.9 MB). Loaded Objects now: 2213.
Memory consumption went from 123.1 MB to 113.2 MB.
Total: 5.282100 ms (FindLiveObjects: 0.197700 ms CreateObjectMapping: 0.045600 ms MarkObjects: 2.348200 ms  DeleteObjects: 2.689000 ms)

Prepare: number of updated asset objects reloaded= 0
AssetImportParameters requested are different than current active one (requested -> active):
  custom:video-decoder-webm-vp8: 9c59270c3fd7afecdb556c50c9e8de78 -> 
  custom:SearchIndexIgnoredProperties: e643bd26f0fe6173181afceb89e7c659 -> 
  custom:container-demuxer-ogg: 62fdf1f143b41e24485cea50d1cbac27 -> 
  custom:AudioImporter_EditorPlatform: d09bf68614088b80899f8185d706f6e7 -> 
  custom:video-decoder-ogg-theora: a1e56fd34408186e4bbccfd4996cb3dc -> 
  custom:framework-win-MediaFoundation: 216162199b28c13a410421893ffa2e32 -> 
  custom:video-encoder-webm-vp8: eb34c28f22e8b96e1ab97ce403110664 -> 
  custom:audio-decoder-ogg-vorbis: bf7c407c2cedff20999df2af8eb42d56 -> 
  custom:CustomObjectIndexerAttribute: 756ad292c208cfabdd7b50bc23989ffe -> 
  custom:container-demuxer-webm: 4f35f7cbe854078d1ac9338744f61a02 -> 
  custom:audio-encoder-webm-vorbis: bf7c407c2cedff20999df2af8eb42d56 -> 
  custom:container-muxer-webm: aa71ff27fc2769a1b78a27578f13a17b -> 
========================================================================
Received Import Request.
  Time since last request: 113.998467 seconds.
  path: Assets/ProjectSettings
  artifactKey: Guid(26d83eb5dd6b3ac4f8d9dccae044d8c3) Importer(815301076,1909f56bfc062723c751e8b465ee728b)
Start importing Assets/ProjectSettings using Guid(26d83eb5dd6b3ac4f8d9dccae044d8c3) Importer(815301076,1909f56bfc062723c751e8b465ee728b)  -> (artifact id: '9c1a40fbd4e4119cdcad08f4e3803b3d') in 0.002801 seconds
Number of updated asset objects reloaded before import = 0
Number of asset objects unloaded after import = 0
========================================================================
Received Import Request.
  Time since last request: 0.065060 seconds.
  path: Assets/ProjectSettings/AudioManager.asset
  artifactKey: Guid(f82149e3bff65a442b0a64ddd82d1806) Importer(815301076,1909f56bfc062723c751e8b465ee728b)
Start importing Assets/ProjectSettings/AudioManager.asset using Guid(f82149e3bff65a442b0a64ddd82d1806) Importer(815301076,1909f56bfc062723c751e8b465ee728b)  -> (artifact id: 'd9ae329e8ffd49f4bd40a6c7f828744e') in 0.000687 seconds
Number of updated asset objects reloaded before import = 0
Number of asset objects unloaded after import = 0
========================================================================
Received Import Request.
  Time since last request: 0.006277 seconds.
  path: Assets/ProjectSettings/DynamicsManager.asset
  artifactKey: Guid(8e0deaa62fa488349886de8f5c18eae6) Importer(815301076,1909f56bfc062723c751e8b465ee728b)
Start importing Assets/ProjectSettings/DynamicsManager.asset using Guid(8e0deaa62fa488349886de8f5c18eae6) Importer(815301076,1909f56bfc062723c751e8b465ee728b)  -> (artifact id: 'cfafbeb7e8b9ff56c15853886857bdb4') in 0.000757 seconds
Number of updated asset objects reloaded before import = 0
Number of asset objects unloaded after import = 0
========================================================================
Received Import Request.
  Time since last request: 0.006253 seconds.
  path: Assets/ProjectSettings/GraphicsSettings.asset
  artifactKey: Guid(46281d82bcca40745a27b41b4752554f) Importer(815301076,1909f56bfc062723c751e8b465ee728b)
Start importing Assets/ProjectSettings/GraphicsSettings.asset using Guid(46281d82bcca40745a27b41b4752554f) Importer(815301076,1909f56bfc062723c751e8b465ee728b)  -> (artifact id: '91f983743eca4d7cda9d9dcdbc6df93a') in 0.000826 seconds
Number of updated asset objects reloaded before import = 0
Number of asset objects unloaded after import = 0
========================================================================
Received Import Request.
  Time since last request: 0.004623 seconds.
  path: Assets/ProjectSettings/NavMeshAreas.asset
  artifactKey: Guid(59d2cf239cc80b84bab3703faa9cdd5a) Importer(815301076,1909f56bfc062723c751e8b465ee728b)
Start importing Assets/ProjectSettings/NavMeshAreas.asset using Guid(59d2cf239cc80b84bab3703faa9cdd5a) Importer(815301076,1909f56bfc062723c751e8b465ee728b)  -> (artifact id: '30a8c99a3722ec24d953e1e0816568b5') in 0.000843 seconds
Number of updated asset objects reloaded before import = 0
Number of asset objects unloaded after import = 0
========================================================================
Received Import Request.
  Time since last request: 0.000016 seconds.
  path: Assets/ProjectSettings/ProjectSettings.asset
  artifactKey: Guid(b1d4dc213cc26ba47818a87e455f5fb5) Importer(815301076,1909f56bfc062723c751e8b465ee728b)
Start importing Assets/ProjectSettings/ProjectSettings.asset using Guid(b1d4dc213cc26ba47818a87e455f5fb5) Importer(815301076,1909f56bfc062723c751e8b465ee728b)  -> (artifact id: '31826c968940ab3a85c5faef79d936ba') in 0.000688 seconds
Number of updated asset objects reloaded before import = 0
Number of asset objects unloaded after import = 0
========================================================================
Received Import Request.
  Time since last request: 0.000040 seconds.
  path: Assets/ProjectSettings/EditorBuildSettings.asset
  artifactKey: Guid(355200401cee4a64395d9b70fa07bbd4) Importer(815301076,1909f56bfc062723c751e8b465ee728b)
Start importing Assets/ProjectSettings/EditorBuildSettings.asset using Guid(355200401cee4a64395d9b70fa07bbd4) Importer(815301076,1909f56bfc062723c751e8b465ee728b)  -> (artifact id: '493886ed47b465ecc03c6db1c9308c49') in 0.000638 seconds
Number of updated asset objects reloaded before import = 0
Number of asset objects unloaded after import = 0
========================================================================
Received Import Request.
  Time since last request: 0.000011 seconds.
  path: Assets/ProjectSettings/PackageManagerSettings.asset
  artifactKey: Guid(b91ef35ff1e6c474e86aa5128cf58352) Importer(815301076,1909f56bfc062723c751e8b465ee728b)
Start importing Assets/ProjectSettings/PackageManagerSettings.asset using Guid(b91ef35ff1e6c474e86aa5128cf58352) Importer(815301076,1909f56bfc062723c751e8b465ee728b)  -> (artifact id: '0890203e01981c8f361a060bac6d49f8') in 0.000596 seconds
Number of updated asset objects reloaded before import = 0
Number of asset objects unloaded after import = 0
========================================================================
Received Import Request.
  Time since last request: 0.000327 seconds.
  path: Assets/ProjectSettings/QualitySettings.asset
  artifactKey: Guid(9f18c4592a2f3fc41a4cbe68b7b53eda) Importer(815301076,1909f56bfc062723c751e8b465ee728b)
Start importing Assets/ProjectSettings/QualitySettings.asset using Guid(9f18c4592a2f3fc41a4cbe68b7b53eda) Importer(815301076,1909f56bfc062723c751e8b465ee728b)  -> (artifact id: '998e67436a5965a48bc0a74ed177c321') in 0.000692 seconds
Number of updated asset objects reloaded before import = 0
Number of asset objects unloaded after import = 0
========================================================================
Received Import Request.
  Time since last request: 0.000011 seconds.
  path: Assets/ProjectSettings/VersionControlSettings.asset
  artifactKey: Guid(6eb084acdef3f19479c070d120f16ba9) Importer(815301076,1909f56bfc062723c751e8b465ee728b)
Start importing Assets/ProjectSettings/VersionControlSettings.asset using Guid(6eb084acdef3f19479c070d120f16ba9) Importer(815301076,1909f56bfc062723c751e8b465ee728b)  -> (artifact id: '1509e5cd0519933a7686d6d392f2933a') in 0.000596 seconds
Number of updated asset objects reloaded before import = 0
Number of asset objects unloaded after import = 0
========================================================================
Received Import Request.
  Time since last request: 0.000052 seconds.
  path: Assets/ProjectSettings/UnityConnectSettings.asset
  artifactKey: Guid(121caa488fb60df4eb5ff3853c1b394d) Importer(815301076,1909f56bfc062723c751e8b465ee728b)
Start importing Assets/ProjectSettings/UnityConnectSettings.asset using Guid(121caa488fb60df4eb5ff3853c1b394d) Importer(815301076,1909f56bfc062723c751e8b465ee728b)  -> (artifact id: '5076c6d8fe6e0d7d0775c8e60a82e75e') in 0.000596 seconds
Number of updated asset objects reloaded before import = 0
Number of asset objects unloaded after import = 0
========================================================================
Received Import Request.
  Time since last request: 0.000012 seconds.
  path: Assets/ProjectSettings/TimeManager.asset
  artifactKey: Guid(7940d927673b0a047ad0e2503f181925) Importer(815301076,1909f56bfc062723c751e8b465ee728b)
Start importing Assets/ProjectSettings/TimeManager.asset using Guid(7940d927673b0a047ad0e2503f181925) Importer(815301076,1909f56bfc062723c751e8b465ee728b)  -> (artifact id: 'fbaf4fc4faef8470f94316262b640d86') in 0.000563 seconds
Number of updated asset objects reloaded before import = 0
Number of asset objects unloaded after import = 0
========================================================================
Received Import Request.
  Time since last request: 56.833844 seconds.
  path: Assets/Assets/Game/Prefabs/BrokenBox.prefab
  artifactKey: Guid(42fbdd428f881674cb4ea9a1d868d4e3) Importer(815301076,1909f56bfc062723c751e8b465ee728b)
Start importing Assets/Assets/Game/Prefabs/BrokenBox.prefab using Guid(42fbdd428f881674cb4ea9a1d868d4e3) Importer(815301076,1909f56bfc062723c751e8b465ee728b)  -> (artifact id: 'af4e083dd85aa126d4f24c3c0df65757') in 0.152791 seconds
Number of updated asset objects reloaded before import = 0
Number of asset objects unloaded after import = 67
========================================================================
Received Import Request.
  Time since last request: 0.000012 seconds.
  path: Assets/Assets/Game/Prefabs/Player_Kira.prefab
  artifactKey: Guid(98f20db713aad1d47bfbbca2290cc153) Importer(815301076,1909f56bfc062723c751e8b465ee728b)
Start importing Assets/Assets/Game/Prefabs/Player_Kira.prefab using Guid(98f20db713aad1d47bfbbca2290cc153) Importer(815301076,1909f56bfc062723c751e8b465ee728b)  -> (artifact id: '5c2ed1e652ac8ff4ac7948a7a4fa65b3') in 0.227622 seconds
Internal: There are remaining Allocations on the JobTempAlloc. This is a leak, and will impact performance
To Debug, run app with -diag-job-temp-memory-leak-validation cmd line argument. This will output the callstacks of the leaked allocations.
Number of updated asset objects reloaded before import = 0
Number of asset objects unloaded after import = 320
========================================================================
Received Import Request.
  Time since last request: 0.000020 seconds.
  path: Assets/Assets/Game/Prefabs/ToggleObjectTrigger.prefab
  artifactKey: Guid(f911c8fedf990af4093de52a5db0042e) Importer(815301076,1909f56bfc062723c751e8b465ee728b)
Start importing Assets/Assets/Game/Prefabs/ToggleObjectTrigger.prefab using Guid(f911c8fedf990af4093de52a5db0042e) Importer(815301076,1909f56bfc062723c751e8b465ee728b)  -> (artifact id: 'bad2d961a9b046ba25e437228e77223c') in 0.072163 seconds
Internal: There are remaining Allocations on the JobTempAlloc. This is a leak, and will impact performance
To Debug, run app with -diag-job-temp-memory-leak-validation cmd line argument. This will output the callstacks of the leaked allocations.
Number of updated asset objects reloaded before import = 0
Number of asset objects unloaded after import = 10
========================================================================
Received Import Request.
  Time since last request: 0.000020 seconds.
  path: Assets/Assets/Game/Prefabs/WaterFilter.prefab
  artifactKey: Guid(15250f017fa55a444b8c47220f9cdf3f) Importer(815301076,1909f56bfc062723c751e8b465ee728b)
Start importing Assets/Assets/Game/Prefabs/WaterFilter.prefab using Guid(15250f017fa55a444b8c47220f9cdf3f) Importer(815301076,1909f56bfc062723c751e8b465ee728b)  -> (artifact id: 'fb53fe9520d1136afc8f78b9809b3b6b') in 0.176245 seconds
Internal: There are remaining Allocations on the JobTempAlloc. This is a leak, and will impact performance
To Debug, run app with -diag-job-temp-memory-leak-validation cmd line argument. This will output the callstacks of the leaked allocations.
Number of updated asset objects reloaded before import = 0
Number of asset objects unloaded after import = 7
========================================================================
Received Prepare
Begin MonoManager ReloadAssembly
- Loaded All Assemblies, in  0.379 seconds
Refreshing native plugins compatible for Editor in 2.67 ms, found 2 plugins.
Native extension for UWP target not found
Native extension for WindowsStandalone target not found
Native extension for Android target not found
Native extension for OSXStandalone target not found
Native extension for WebGL target not found
Mono: successfully reloaded assembly
- Finished resetting the current domain, in  0.739 seconds
Domain Reload Profiling: 1115ms
	BeginReloadAssembly (130ms)
		ExecutionOrderSort (0ms)
		DisableScriptedObjects (6ms)
		BackupInstance (0ms)
		ReleaseScriptingObjects (0ms)
		CreateAndSetChildDomain (26ms)
	RebuildCommonClasses (32ms)
	RebuildNativeTypeToScriptingClass (12ms)
	initialDomainReloadingComplete (29ms)
	LoadAllAssembliesAndSetupDomain (173ms)
		LoadAssemblies (227ms)
		RebuildTransferFunctionScriptingTraits (0ms)
		AnalyzeDomain (12ms)
			TypeCache.Refresh (6ms)
				TypeCache.ScanAssembly (0ms)
			ScanForSourceGeneratedMonoScriptInfo (0ms)
			ResolveRequiredComponents (5ms)
	FinalizeReload (740ms)
		ReleaseScriptCaches (0ms)
		RebuildScriptCaches (0ms)
		SetupLoadedEditorAssemblies (368ms)
			LogAssemblyErrors (0ms)
			InitializePlatformSupportModulesInManaged (36ms)
			SetLoadedEditorAssemblies (3ms)
			RefreshPlugins (0ms)
			BeforeProcessingInitializeOnLoad (58ms)
			ProcessInitializeOnLoadAttributes (233ms)
			ProcessInitializeOnLoadMethodAttributes (29ms)
			AfterProcessingInitializeOnLoad (10ms)
			EditorAssembliesLoaded (0ms)
		ExecutionOrderSort2 (0ms)
		AwakeInstancesAfterBackupRestoration (8ms)
Refreshing native plugins compatible for Editor in 2.17 ms, found 2 plugins.
Preloading 0 native plugins for Editor in 0.00 ms.
Unloading 1789 Unused Serialized files (Serialized files now loaded: 0)
Unloading 112 unused Assets / (10.0 MB). Loaded Objects now: 2226.
Memory consumption went from 123.6 MB to 113.6 MB.
Total: 6.220100 ms (FindLiveObjects: 0.249600 ms CreateObjectMapping: 0.075100 ms MarkObjects: 2.648900 ms  DeleteObjects: 3.245200 ms)

Prepare: number of updated asset objects reloaded= 0
AssetImportParameters requested are different than current active one (requested -> active):
  custom:video-decoder-webm-vp8: 9c59270c3fd7afecdb556c50c9e8de78 -> 
  custom:SearchIndexIgnoredProperties: e643bd26f0fe6173181afceb89e7c659 -> 
  custom:container-demuxer-ogg: 62fdf1f143b41e24485cea50d1cbac27 -> 
  custom:AudioImporter_EditorPlatform: d09bf68614088b80899f8185d706f6e7 -> 
  custom:video-decoder-ogg-theora: a1e56fd34408186e4bbccfd4996cb3dc -> 
  custom:framework-win-MediaFoundation: 216162199b28c13a410421893ffa2e32 -> 
  custom:video-encoder-webm-vp8: eb34c28f22e8b96e1ab97ce403110664 -> 
  custom:audio-decoder-ogg-vorbis: bf7c407c2cedff20999df2af8eb42d56 -> 
  custom:CustomObjectIndexerAttribute: 756ad292c208cfabdd7b50bc23989ffe -> 
  custom:container-demuxer-webm: 4f35f7cbe854078d1ac9338744f61a02 -> 
  custom:audio-encoder-webm-vorbis: bf7c407c2cedff20999df2af8eb42d56 -> 
  custom:container-muxer-webm: aa71ff27fc2769a1b78a27578f13a17b -> 
Editor requested this worker to shutdown with reason: Scaling down because of idle timeout
TcpMessagingSession - receive error: operation aborted. errorcode: 995, details: The I/O operation has been aborted because of either a thread exit or an application request.
AssetImportWorker is now disconnected from the server
Process exiting
Exiting without the bug reporter. Application will terminate with return code 0